0 verbose cli C:\Program Files\nodejs\node.exe C:\Users\91854\AppData\Roaming\npm\node_modules\npm\bin\npm-cli.js
1 info using npm@11.2.0
2 info using node@v22.13.1
3 silly config load:file:C:\Users\91854\AppData\Roaming\npm\node_modules\npm\npmrc
4 silly config load:file:C:\Users\91854\Documents\intenship\gogo-freelancing-website\.npmrc
5 silly config load:file:C:\Users\91854\.npmrc
6 silly config load:file:C:\Users\91854\AppData\Roaming\npm\etc\npmrc
7 verbose title npm create vite@latest
8 verbose argv "create" "vite@latest"
9 verbose logfile logs-max:10 dir:C:\Users\91854\Documents\intenship\gogo-freelancing-website\%AppData%\npm-cache\_logs\2025-06-22T05_41_23_744Z-
10 verbose logfile C:\Users\91854\Documents\intenship\gogo-freelancing-website\%AppData%\npm-cache\_logs\2025-06-22T05_41_23_744Z-debug-0.log
11 silly logfile done cleaning log files
12 silly packumentCache heap:2197815296 maxSize:549453824 maxEntrySize:274726912
13 http fetch GET 200 https://registry.npmjs.org/npm 481ms
14 http fetch GET 200 https://registry.npmjs.org/create-vite 402ms (cache miss)
15 silly packumentCache heap:2197815296 maxSize:549453824 maxEntrySize:274726912
16 silly idealTree buildDeps
17 silly fetch manifest create-vite@6.5.0
18 silly packumentCache full:https://registry.npmjs.org/create-vite cache-miss
19 http fetch GET 200 https://registry.npmjs.org/create-vite 102ms (cache miss)
20 silly packumentCache full:https://registry.npmjs.org/create-vite set size:undefined disposed:false
21 silly placeDep ROOT create-vite@6.5.0 OK for:  want: 6.5.0
22 silly reify moves {}
23 silly audit bulk request { 'create-vite': [ '6.5.0' ] }
24 http cache create-vite@https://registry.npmjs.org/create-vite/-/create-vite-6.5.0.tgz 1ms (cache hit)
25 silly tarball no local data for create-vite@https://registry.npmjs.org/create-vite/-/create-vite-6.5.0.tgz. Extracting by manifest.
26 http fetch POST 200 https://registry.npmjs.org/-/npm/v1/security/advisories/bulk 336ms
27 silly audit report {}
28 http fetch GET 200 https://registry.npmjs.org/create-vite/-/create-vite-6.5.0.tgz 851ms (cache miss)
29 verbose cwd C:\Users\91854\Documents\intenship\gogo-freelancing-website
30 verbose os Windows_NT 10.0.26100
31 verbose node v22.13.1
32 verbose npm  v11.2.0
33 notice
33 notice New [33mminor[39m version of npm available! [33m11.2.0[39m -> [34m11.4.2[39m
33 notice Changelog: [34mhttps://github.com/npm/cli/releases/tag/v11.4.2[39m
33 notice To update run: [4mnpm install -g npm@11.4.2[24m
33 notice  { force: true, [Symbol(proc-log.meta)]: true }
34 verbose exit 0
35 info ok
